<?xml version="1.0" encoding="UTF-8"?>
<testng-results ignored="0" total="1" passed="1" failed="0" skipped="0">
  <reporter-output>
  </reporter-output>
  <suite started-at="2023-07-03T13:57:26 EDT" name="Default suite" finished-at="2023-07-03T13:57:31 EDT" duration-ms="5071">
    <groups>
    </groups>
    <test started-at="2023-07-03T13:57:26 EDT" name="Default test" finished-at="2023-07-03T13:57:31 EDT" duration-ms="5071">
      <class name="Requests.JSONSchemaValidator">
        <test-method signature="testGet()[pri:0, instance:Requests.JSONSchemaValidator@82de64a]" started-at="2023-07-03T13:57:26 EDT" name="testGet" finished-at="2023-07-03T13:57:31 EDT" duration-ms="4967" status="PASS">
          <reporter-output>
          </reporter-output>
        </test-method> <!-- testGet -->
      </class> <!-- Requests.JSONSchemaValidator -->
    </test> <!-- Default test -->
  </suite> <!-- Default suite -->
</testng-results>
